[debug] [2024-10-08T21:35:55.211Z] ----------------------------------------------------------------------
[debug] [2024-10-08T21:35:55.217Z] Command:       C:\Program Files\nodejs\node.exe C:\Users\jhonf\AppData\Roaming\npm\node_modules\firebase-tools\lib\bin\firebase.js deploy
[debug] [2024-10-08T21:35:55.217Z] CLI Version:   13.20.2
[debug] [2024-10-08T21:35:55.217Z] Platform:      win32
[debug] [2024-10-08T21:35:55.218Z] Node Version:  v20.17.0
[debug] [2024-10-08T21:35:55.218Z] Time:          Tue Oct 08 2024 16:35:55 GMT-0500 (hora estándar de Colombia)
[debug] [2024-10-08T21:35:55.218Z] ----------------------------------------------------------------------
[debug] 
[debug] [2024-10-08T21:35:55.224Z] >>> [apiv2][query] GET https://firebase-public.firebaseio.com/cli.json [none]
[debug] [2024-10-08T21:35:55.386Z] > command requires scopes: ["email","openid","https://www.googleapis.com/auth/cloudplatformprojects.readonly","https://www.googleapis.com/auth/firebase","https://www.googleapis.com/auth/cloud-platform"]
[debug] [2024-10-08T21:35:55.386Z] > authorizing via signed-in user (nixblueb2b@gmail.com)
[debug] [2024-10-08T21:35:55.387Z] [iam] checking project nbnext-ce6f5 for permissions ["firebase.projects.get","firebasehosting.sites.update"]
[debug] [2024-10-08T21:35:55.387Z] Checked if tokens are valid: false, expires at: 1728233245328
[debug] [2024-10-08T21:35:55.388Z] Checked if tokens are valid: false, expires at: 1728233245328
[debug] [2024-10-08T21:35:55.388Z] > refreshing access token with scopes: []
[debug] [2024-10-08T21:35:55.389Z] >>> [apiv2][query] POST https://www.googleapis.com/oauth2/v3/token [none]
[debug] [2024-10-08T21:35:55.389Z] >>> [apiv2][body] POST https://www.googleapis.com/oauth2/v3/token [omitted]
[debug] [2024-10-08T21:35:55.573Z] <<< [apiv2][status] GET https://firebase-public.firebaseio.com/cli.json 200
[debug] [2024-10-08T21:35:55.573Z] <<< [apiv2][body] GET https://firebase-public.firebaseio.com/cli.json {"cloudBuildErrorAfter":1594252800000,"cloudBuildWarnAfter":1590019200000,"defaultNode10After":1594252800000,"minVersion":"3.0.5","node8DeploysDisabledAfter":1613390400000,"node8RuntimeDisabledAfter":1615809600000,"node8WarnAfter":1600128000000}
[debug] [2024-10-08T21:35:55.581Z] <<< [apiv2][status] POST https://www.googleapis.com/oauth2/v3/token 200
[debug] [2024-10-08T21:35:55.581Z] <<< [apiv2][body] POST https://www.googleapis.com/oauth2/v3/token [omitted]
[debug] [2024-10-08T21:35:55.589Z] >>> [apiv2][query] POST https://cloudresourcemanager.googleapis.com/v1/projects/nbnext-ce6f5:testIamPermissions [none]
[debug] [2024-10-08T21:35:55.589Z] >>> [apiv2][(partial)header] POST https://cloudresourcemanager.googleapis.com/v1/projects/nbnext-ce6f5:testIamPermissions x-goog-quota-user=projects/nbnext-ce6f5
[debug] [2024-10-08T21:35:55.589Z] >>> [apiv2][body] POST https://cloudresourcemanager.googleapis.com/v1/projects/nbnext-ce6f5:testIamPermissions {"permissions":["firebase.projects.get","firebasehosting.sites.update"]}
[debug] [2024-10-08T21:35:56.039Z] <<< [apiv2][status] POST https://cloudresourcemanager.googleapis.com/v1/projects/nbnext-ce6f5:testIamPermissions 200
[debug] [2024-10-08T21:35:56.040Z] <<< [apiv2][body] POST https://cloudresourcemanager.googleapis.com/v1/projects/nbnext-ce6f5:testIamPermissions {"permissions":["firebase.projects.get","firebasehosting.sites.update"]}
[debug] [2024-10-08T21:35:56.041Z] Checked if tokens are valid: true, expires at: 1728426954581
[debug] [2024-10-08T21:35:56.041Z] Checked if tokens are valid: true, expires at: 1728426954581
[debug] [2024-10-08T21:35:56.041Z] >>> [apiv2][query] GET https://firebase.googleapis.com/v1beta1/projects/nbnext-ce6f5 [none]
[debug] [2024-10-08T21:35:56.433Z] <<< [apiv2][status] GET https://firebase.googleapis.com/v1beta1/projects/nbnext-ce6f5 200
[debug] [2024-10-08T21:35:56.433Z] <<< [apiv2][body] GET https://firebase.googleapis.com/v1beta1/projects/nbnext-ce6f5 {"projectId":"nbnext-ce6f5","projectNumber":"166816905790","displayName":"nbnext","name":"projects/nbnext-ce6f5","resources":{"hostingSite":"nbnext-ce6f5"},"state":"ACTIVE","etag":"1_b46dfd17-b649-49a0-acc4-6aa7f4d19e93"}
[debug] [2024-10-08T21:35:59.692Z] Checked if tokens are valid: true, expires at: 1728426954581
[debug] [2024-10-08T21:35:59.692Z] Checked if tokens are valid: true, expires at: 1728426954581
[debug] [2024-10-08T21:35:59.693Z] >>> [apiv2][query] GET https://firebasehosting.googleapis.com/v1beta1/projects/nbnext-ce6f5/sites pageToken=&pageSize=10
[debug] [2024-10-08T21:36:00.379Z] <<< [apiv2][status] GET https://firebasehosting.googleapis.com/v1beta1/projects/nbnext-ce6f5/sites 200
[debug] [2024-10-08T21:36:00.379Z] <<< [apiv2][body] GET https://firebasehosting.googleapis.com/v1beta1/projects/nbnext-ce6f5/sites {"sites":[{"name":"projects/nbnext-ce6f5/sites/nbnext-ce6f5","defaultUrl":"https://nbnext-ce6f5.web.app","appId":"1:166816905790:web:b925d24087e7ebd3d92f6f","type":"DEFAULT_SITE"}]}
[debug] [2024-10-08T21:36:00.380Z] Checked if tokens are valid: true, expires at: 1728426954581
[debug] [2024-10-08T21:36:00.380Z] Checked if tokens are valid: true, expires at: 1728426954581
[debug] [2024-10-08T21:36:00.380Z] >>> [apiv2][query] GET https://firebase.googleapis.com/v1beta1/projects/-/webApps/1:166816905790:web:b925d24087e7ebd3d92f6f/config [none]
[debug] [2024-10-08T21:36:01.040Z] <<< [apiv2][status] GET https://firebase.googleapis.com/v1beta1/projects/-/webApps/1:166816905790:web:b925d24087e7ebd3d92f6f/config 200
[debug] [2024-10-08T21:36:01.040Z] <<< [apiv2][body] GET https://firebase.googleapis.com/v1beta1/projects/-/webApps/1:166816905790:web:b925d24087e7ebd3d92f6f/config {"projectId":"nbnext-ce6f5","appId":"1:166816905790:web:b925d24087e7ebd3d92f6f","storageBucket":"nbnext-ce6f5.appspot.com","apiKey":"AIzaSyAg8Ck77-1jMPCrhsCfKfCspaejChDVc4E","authDomain":"nbnext-ce6f5.firebaseapp.com","messagingSenderId":"166816905790","measurementId":"G-DPXNXHEGLH"}
[info] 
   Thank you for trying our early preview of Next.js support on Firebase Hosting.
   During the preview, support is best-effort and breaking changes can be expected. Proceed with caution.
   The integration is known to work with Next.js version 12 - 14.0. You may encounter errors.

   Documentation: https://firebase.google.com/docs/hosting/frameworks/nextjs
   File a bug: https://github.com/firebase/firebase-tools/issues/new?template=bug_report.md
   Submit a feature request: https://github.com/firebase/firebase-tools/issues/new?template=feature_request.md

   We'd love to learn from you. Express your interest in helping us shape the future of Firebase Hosting: https://goo.gle/41enW5X

[debug] [2024-10-08T21:36:07.934Z] Checked if tokens are valid: true, expires at: 1728426954581
[debug] [2024-10-08T21:36:07.935Z] Checked if tokens are valid: true, expires at: 1728426954581
[debug] [2024-10-08T21:36:07.935Z] >>> [apiv2][query] GET https://firebasehosting.googleapis.com/v1beta1/projects/nbnext-ce6f5/sites/nbnext-ce6f5 [none]
[debug] [2024-10-08T21:36:08.497Z] <<< [apiv2][status] GET https://firebasehosting.googleapis.com/v1beta1/projects/nbnext-ce6f5/sites/nbnext-ce6f5 200
[debug] [2024-10-08T21:36:08.497Z] <<< [apiv2][body] GET https://firebasehosting.googleapis.com/v1beta1/projects/nbnext-ce6f5/sites/nbnext-ce6f5 {"name":"projects/nbnext-ce6f5/sites/nbnext-ce6f5","defaultUrl":"https://nbnext-ce6f5.web.app","appId":"1:166816905790:web:b925d24087e7ebd3d92f6f","type":"DEFAULT_SITE"}
[info]   ▲ Next.js 14.2.14

[info] 

[info]    Creating an optimized production build ...

[info] uncaughtException [Error: EPERM: operation not permitted, open 'D:\PROYECTOS\NbNextFront\nb-next\.next\trace'] {
  errno: -4048,
  code: 'EPERM',
  syscall: 'open',
  path: 'D:\\PROYECTOS\\NbNextFront\\nb-next\\.next\\trace'
}

[debug] [2024-10-08T21:36:17.688Z] Error: ENOENT: no such file or directory, open 'D:\PROYECTOS\NbNextFront\nb-next\.next\server\middleware-manifest.json'
[error] 
[error] Error: An unexpected error has occurred.
[debug] [2024-10-08T21:37:31.042Z] ----------------------------------------------------------------------
[debug] [2024-10-08T21:37:31.045Z] Command:       C:\Program Files\nodejs\node.exe C:\Users\jhonf\AppData\Roaming\npm\node_modules\firebase-tools\lib\bin\firebase.js deploy
[debug] [2024-10-08T21:37:31.045Z] CLI Version:   13.20.2
[debug] [2024-10-08T21:37:31.046Z] Platform:      win32
[debug] [2024-10-08T21:37:31.046Z] Node Version:  v20.17.0
[debug] [2024-10-08T21:37:31.046Z] Time:          Tue Oct 08 2024 16:37:31 GMT-0500 (hora estándar de Colombia)
[debug] [2024-10-08T21:37:31.046Z] ----------------------------------------------------------------------
[debug] 
[debug] [2024-10-08T21:37:31.159Z] > command requires scopes: ["email","openid","https://www.googleapis.com/auth/cloudplatformprojects.readonly","https://www.googleapis.com/auth/firebase","https://www.googleapis.com/auth/cloud-platform"]
[debug] [2024-10-08T21:37:31.159Z] > authorizing via signed-in user (nixblueb2b@gmail.com)
[debug] [2024-10-08T21:37:31.159Z] [iam] checking project nbnext-ce6f5 for permissions ["firebase.projects.get","firebasehosting.sites.update"]
[debug] [2024-10-08T21:37:31.161Z] Checked if tokens are valid: true, expires at: 1728426954581
[debug] [2024-10-08T21:37:31.161Z] Checked if tokens are valid: true, expires at: 1728426954581
[debug] [2024-10-08T21:37:31.163Z] >>> [apiv2][query] POST https://cloudresourcemanager.googleapis.com/v1/projects/nbnext-ce6f5:testIamPermissions [none]
[debug] [2024-10-08T21:37:31.163Z] >>> [apiv2][(partial)header] POST https://cloudresourcemanager.googleapis.com/v1/projects/nbnext-ce6f5:testIamPermissions x-goog-quota-user=projects/nbnext-ce6f5
[debug] [2024-10-08T21:37:31.163Z] >>> [apiv2][body] POST https://cloudresourcemanager.googleapis.com/v1/projects/nbnext-ce6f5:testIamPermissions {"permissions":["firebase.projects.get","firebasehosting.sites.update"]}
[debug] [2024-10-08T21:37:31.693Z] <<< [apiv2][status] POST https://cloudresourcemanager.googleapis.com/v1/projects/nbnext-ce6f5:testIamPermissions 200
[debug] [2024-10-08T21:37:31.693Z] <<< [apiv2][body] POST https://cloudresourcemanager.googleapis.com/v1/projects/nbnext-ce6f5:testIamPermissions {"permissions":["firebase.projects.get","firebasehosting.sites.update"]}
[debug] [2024-10-08T21:37:31.694Z] Checked if tokens are valid: true, expires at: 1728426954581
[debug] [2024-10-08T21:37:31.694Z] Checked if tokens are valid: true, expires at: 1728426954581
[debug] [2024-10-08T21:37:31.695Z] >>> [apiv2][query] GET https://firebase.googleapis.com/v1beta1/projects/nbnext-ce6f5 [none]
[debug] [2024-10-08T21:37:32.083Z] <<< [apiv2][status] GET https://firebase.googleapis.com/v1beta1/projects/nbnext-ce6f5 200
[debug] [2024-10-08T21:37:32.083Z] <<< [apiv2][body] GET https://firebase.googleapis.com/v1beta1/projects/nbnext-ce6f5 {"projectId":"nbnext-ce6f5","projectNumber":"166816905790","displayName":"nbnext","name":"projects/nbnext-ce6f5","resources":{"hostingSite":"nbnext-ce6f5"},"state":"ACTIVE","etag":"1_b46dfd17-b649-49a0-acc4-6aa7f4d19e93"}
[debug] [2024-10-08T21:37:34.848Z] Checked if tokens are valid: true, expires at: 1728426954581
[debug] [2024-10-08T21:37:34.849Z] Checked if tokens are valid: true, expires at: 1728426954581
[debug] [2024-10-08T21:37:34.849Z] >>> [apiv2][query] GET https://firebasehosting.googleapis.com/v1beta1/projects/nbnext-ce6f5/sites pageToken=&pageSize=10
[debug] [2024-10-08T21:37:35.490Z] <<< [apiv2][status] GET https://firebasehosting.googleapis.com/v1beta1/projects/nbnext-ce6f5/sites 200
[debug] [2024-10-08T21:37:35.490Z] <<< [apiv2][body] GET https://firebasehosting.googleapis.com/v1beta1/projects/nbnext-ce6f5/sites {"sites":[{"name":"projects/nbnext-ce6f5/sites/nbnext-ce6f5","defaultUrl":"https://nbnext-ce6f5.web.app","appId":"1:166816905790:web:b925d24087e7ebd3d92f6f","type":"DEFAULT_SITE"}]}
[debug] [2024-10-08T21:37:35.490Z] Checked if tokens are valid: true, expires at: 1728426954581
[debug] [2024-10-08T21:37:35.491Z] Checked if tokens are valid: true, expires at: 1728426954581
[debug] [2024-10-08T21:37:35.491Z] >>> [apiv2][query] GET https://firebase.googleapis.com/v1beta1/projects/-/webApps/1:166816905790:web:b925d24087e7ebd3d92f6f/config [none]
[debug] [2024-10-08T21:37:35.989Z] <<< [apiv2][status] GET https://firebase.googleapis.com/v1beta1/projects/-/webApps/1:166816905790:web:b925d24087e7ebd3d92f6f/config 200
[debug] [2024-10-08T21:37:35.990Z] <<< [apiv2][body] GET https://firebase.googleapis.com/v1beta1/projects/-/webApps/1:166816905790:web:b925d24087e7ebd3d92f6f/config {"projectId":"nbnext-ce6f5","appId":"1:166816905790:web:b925d24087e7ebd3d92f6f","storageBucket":"nbnext-ce6f5.appspot.com","apiKey":"AIzaSyAg8Ck77-1jMPCrhsCfKfCspaejChDVc4E","authDomain":"nbnext-ce6f5.firebaseapp.com","messagingSenderId":"166816905790","measurementId":"G-DPXNXHEGLH"}
[info] 
   Thank you for trying our early preview of Next.js support on Firebase Hosting.
   During the preview, support is best-effort and breaking changes can be expected. Proceed with caution.
   The integration is known to work with Next.js version 12 - 14.0. You may encounter errors.

   Documentation: https://firebase.google.com/docs/hosting/frameworks/nextjs
   File a bug: https://github.com/firebase/firebase-tools/issues/new?template=bug_report.md
   Submit a feature request: https://github.com/firebase/firebase-tools/issues/new?template=feature_request.md

   We'd love to learn from you. Express your interest in helping us shape the future of Firebase Hosting: https://goo.gle/41enW5X

[debug] [2024-10-08T21:37:42.685Z] Checked if tokens are valid: true, expires at: 1728426954581
[debug] [2024-10-08T21:37:42.685Z] Checked if tokens are valid: true, expires at: 1728426954581
[debug] [2024-10-08T21:37:42.685Z] >>> [apiv2][query] GET https://firebasehosting.googleapis.com/v1beta1/projects/nbnext-ce6f5/sites/nbnext-ce6f5 [none]
[debug] [2024-10-08T21:37:43.300Z] <<< [apiv2][status] GET https://firebasehosting.googleapis.com/v1beta1/projects/nbnext-ce6f5/sites/nbnext-ce6f5 200
[debug] [2024-10-08T21:37:43.301Z] <<< [apiv2][body] GET https://firebasehosting.googleapis.com/v1beta1/projects/nbnext-ce6f5/sites/nbnext-ce6f5 {"name":"projects/nbnext-ce6f5/sites/nbnext-ce6f5","defaultUrl":"https://nbnext-ce6f5.web.app","appId":"1:166816905790:web:b925d24087e7ebd3d92f6f","type":"DEFAULT_SITE"}
[info]   ▲ Next.js 14.2.14

[info] 

[info]    Creating an optimized production build ...

[info]  ✓ Compiled successfully

[info]    Linting and checking validity of types ...

[info] Failed to compile.


[info] ./src/app/providers/primeReact/Providers.tsx:13:9
Type error: Type '{ sidebar: { root: ({ props }: { props: SidebarProps; }) => { className: string | undefined; }; content: { className: string | undefined; }; mask: { className: string | undefined; }; transition: ({ props }: { props: SidebarProps; }) => { ...; } | { ...; }; }; inputtext: { ...; }; button: { ...; }; dropdown: { ...; }...' is not assignable to type 'PrimeReactPTOptions'.
  The types of 'sidebar.transition' are incompatible between these types.
    Type '({ props }: { props: SidebarProps; }) => { enterFromClass: string; leaveToClass: string; enterActiveClass?: undefined; leaveActiveClass?: undefined; } | { enterFromClass: string; enterActiveClass: string; leaveActiveClass: string; leaveToClass: string; }' is not assignable to type 'SidebarPassThroughTransitionType'.
      Type '({ props }: { props: SidebarProps; }) => { enterFromClass: string; leaveToClass: string; enterActiveClass?: undefined; leaveActiveClass?: undefined; } | { enterFromClass: string; enterActiveClass: string; leaveActiveClass: string; leaveToClass: string; }' is not assignable to type '(options: SidebarPassThroughMethodOptions) => CSSTransitionProps'.
        Type '{ enterFromClass: string; leaveToClass: string; enterActiveClass?: undefined; leaveActiveClass?: undefined; } | { enterFromClass: string; enterActiveClass: string; leaveActiveClass: string; leaveToClass: string; }' is not assignable to type 'CSSTransitionProps'.
          Type '{ enterFromClass: string; leaveToClass: string; enterActiveClass?: undefined; leaveActiveClass?: undefined; }' is not assignable to type 'CSSTransitionProps'.
            Type '{ enterFromClass: string; leaveToClass: string; enterActiveClass?: undefined; leaveActiveClass?: undefined; }' is not assignable to type 'EndListenerProps<undefined> & { classNames?: string | CSSTransitionClassNames | undefined; }'.
              Property 'addEndListener' is missing in type '{ enterFromClass: string; leaveToClass: string; enterActiveClass?: undefined; leaveActiveClass?: undefined; }' but required in type 'EndListenerProps<undefined>'.

  11 |       value={{
  12 |         unstyled: true,
> 13 |         pt: DesignSystem,
     |         ^
  14 |         ptOptions: {
  15 |           mergeSections: true,
  16 |           mergeProps: true,

[debug] [2024-10-08T21:38:02.946Z] Error: ENOENT: no such file or directory, open 'D:\PROYECTOS\NbNextFront\nb-next\.next\export-marker.json'
[error] 
[error] Error: An unexpected error has occurred.
